<?xml version="1.0" encoding="UTF-8"?>
<!-- Generated by org.testng.reporters.JUnitReportReporter -->
<testsuite hostname="DESKTOP-SJ775PP" failures="0" tests="1" name="com.chc.checkmaven.MavenTest" time="0.008" errors="0" timestamp="17 Feb 2019 01:34:35 GMT">
  <testcase classname="com.chc.checkmaven.MavenTest" name="mavenTest" time="0.008"/>
</testsuite> <!-- com.chc.checkmaven.MavenTest -->
